#
# A fatal error has been detected by the Java Runtime Environment:
#
#  EXCEPTION_ACCESS_VIOLATION (0xc0000005) at pc=0x000000000234f445, pid=6456, tid=6776
#
# JRE version: Java(TM) SE Runtime Environment (7.0_79-b15) (build 1.7.0_79-b15)
# Java VM: Java HotSpot(TM) 64-Bit Server VM (24.79-b02 mixed mode windows-amd64 compressed oops)
# Problematic frame:
# j  org.gradle.api.internal.changedetection.state.CacheBackedTaskHistoryRepository.findPreviousExecution(Lorg/gradle/api/internal/changedetection/state/TaskExecution;Lorg/gradle/api/internal/changedetection/state/CacheBackedTaskHistoryRepository$TaskHistory;)Lorg/gradle/api/internal/changedetection/state/CacheBackedTaskHistoryRepository$LazyTaskExecution;+34
#
# Failed to write core dump. Minidumps are not enabled by default on client versions of Windows
#
# If you would like to submit a bug report, please visit:
#   http://bugreport.java.com/bugreport/crash.jsp
#

---------------  T H R E A D  ---------------

Current thread (0x000000000cae6800):  JavaThread "Daemon worker Thread 3" [_thread_in_Java, id=6776, stack(0x000000001c830000,0x000000001c930000)]

siginfo: ExceptionCode=0xc0000005, reading address 0x000000007d74af20

Registers:
RAX=0x00000000b31c4f00, RBX=0x000000007d74aed8, RCX=0x0000000000000048, RDX=0x00000000c2f30338
RSP=0x000000001c92d098, RBP=0x000000001c92d0d8, RSI=0x00000000b02b4f20, RDI=0x0000000000000000
R8 =0x0000000000000001, R9 =0x0000000000000000, R10=0x0000000057a210e0, R11=0x000000000000000a
R12=0x0000000000000000, R13=0x00000000b31c200f, R14=0x000000001c92d128, R15=0x000000000cae6800
RIP=0x000000000234f445, EFLAGS=0x0000000000010287

Top of Stack: (sp=0x000000001c92d098)
0x000000001c92d098:   000000001c92d098 00000000b31c200a
0x000000001c92d0a8:   000000001c92d128 00000000b31c5748
0x000000001c92d0b8:   0000000000000000 00000000b31c2100
0x000000001c92d0c8:   0000000000000000 000000001c92d118
0x000000001c92d0d8:   000000001c92d170 00000000023362d3
0x000000001c92d0e8:   0000000000000000 0000000000000000
0x000000001c92d0f8:   00000000ed3f0548 0000000000000000
0x000000001c92d108:   0000000000000000 00000000ed3efec8
0x000000001c92d118:   00000000c2f2fc98 00000000ed3efe90
0x000000001c92d128:   00000000fb5d5bb0 000000001c92d130
0x000000001c92d138:   00000000b31c1c65 000000001c92d1a0
0x000000001c92d148:   00000000b31c5748 0000000000000000
0x000000001c92d158:   00000000b31c1ce0 000000001c92d118
0x000000001c92d168:   000000001c92d198 000000001c92d208
0x000000001c92d178:   0000000002336981 0000000000000000
0x000000001c92d188:   00000000ed3efe90 00000000c2f2fc98 

Instructions: (pc=0x000000000234f445)
0x000000000234f425:   89 59 10 bf 01 00 00 00 48 89 79 18 48 83 c1 30
0x000000000234f435:   48 89 4d e0 48 3b d8 0f 84 5a 00 00 00 8b 48 1c
0x000000000234f445:   48 3b 04 0b 0f 84 4d 00 00 00 83 f9 28 0f 85 21
0x000000000234f455:   00 00 00 50 48 8b c0 57 48 8b 7b 30 8b 4f 0c 48 


Register to memory mapping:

RAX=0x00000000b31c4f00 is an oop
{instance class} 
 - klass: {other class}
RBX=0x000000007d74aed8 is an unknown value
RCX=0x0000000000000048 is an unknown value
RDX=
[error occurred during error reporting (printing register info), id 0xc0000005]

Stack: [0x000000001c830000,0x000000001c930000],  sp=0x000000001c92d098,  free space=1012k
Native frames: (J=compiled Java code, j=interpreted, Vv=VM code, C=native code)
j  org.gradle.api.internal.changedetection.state.CacheBackedTaskHistoryRepository.findPreviousExecution(Lorg/gradle/api/internal/changedetection/state/TaskExecution;Lorg/gradle/api/internal/changedetection/state/CacheBackedTaskHistoryRepository$TaskHistory;)Lorg/gradle/api/internal/changedetection/state/CacheBackedTaskHistoryRepository$LazyTaskExecution;+34
j  org.gradle.api.internal.changedetection.state.CacheBackedTaskHistoryRepository.getHistory(Lorg/gradle/api/internal/TaskInternal;)Lorg/gradle/api/internal/changedetection/state/TaskHistoryRepository$History;+45
j  org.gradle.api.internal.changedetection.changes.DefaultTaskArtifactStateRepository.getStateFor(Lorg/gradle/api/internal/TaskInternal;)Lorg/gradle/api/internal/changedetection/TaskArtifactState;+11
j  org.gradle.api.internal.changedetection.changes.ShortCircuitTaskArtifactStateRepository.getStateFor(Lorg/gradle/api/internal/TaskInternal;)Lorg/gradle/api/internal/changedetection/TaskArtifactState;+27
j  org.gradle.api.internal.tasks.execution.SkipUpToDateTaskExecuter.execute(Lorg/gradle/api/internal/TaskInternal;Lorg/gradle/api/internal/tasks/TaskStateInternal;Lorg/gradle/api/internal/tasks/TaskExecutionContext;)V+25
j  org.gradle.api.internal.tasks.execution.ValidatingTaskExecuter.execute(Lorg/gradle/api/internal/TaskInternal;Lorg/gradle/api/internal/tasks/TaskStateInternal;Lorg/gradle/api/internal/tasks/TaskExecutionContext;)V+215
j  org.gradle.api.internal.tasks.execution.SkipEmptySourceFilesTaskExecuter.execute(Lorg/gradle/api/internal/TaskInternal;Lorg/gradle/api/internal/tasks/TaskStateInternal;Lorg/gradle/api/internal/tasks/TaskExecutionContext;)V+111
j  org.gradle.api.internal.tasks.execution.SkipTaskWithNoActionsExecuter.execute(Lorg/gradle/api/internal/TaskInternal;Lorg/gradle/api/internal/tasks/TaskStateInternal;Lorg/gradle/api/internal/tasks/TaskExecutionContext;)V+110
j  org.gradle.api.internal.tasks.execution.SkipOnlyIfTaskExecuter.execute(Lorg/gradle/api/internal/TaskInternal;Lorg/gradle/api/internal/tasks/TaskStateInternal;Lorg/gradle/api/internal/tasks/TaskExecutionContext;)V+84
j  org.gradle.api.internal.tasks.execution.ExecuteAtMostOnceTaskExecuter.execute(Lorg/gradle/api/internal/TaskInternal;Lorg/gradle/api/internal/tasks/TaskStateInternal;Lorg/gradle/api/internal/tasks/TaskExecutionContext;)V+26
j  org.gradle.execution.taskgraph.DefaultTaskGraphExecuter$EventFiringTaskWorker.execute(Lorg/gradle/api/internal/TaskInternal;)V+106
j  org.gradle.execution.taskgraph.DefaultTaskGraphExecuter$EventFiringTaskWorker.execute(Ljava/lang/Object;)V+5
j  org.gradle.execution.taskgraph.AbstractTaskPlanExecutor$TaskExecutorWorker.processTask(Lorg/gradle/execution/taskgraph/TaskInfo;)V+8
j  org.gradle.execution.taskgraph.AbstractTaskPlanExecutor$TaskExecutorWorker.run()V+56
j  org.gradle.execution.taskgraph.DefaultTaskPlanExecutor.process(Lorg/gradle/execution/taskgraph/TaskExecutionPlan;Lorg/gradle/api/Action;)V+6
j  org.gradle.execution.taskgraph.DefaultTaskGraphExecuter.execute()V+65
j  org.gradle.execution.SelectedTaskExecutionAction.execute(Lorg/gradle/execution/BuildExecutionContext;)V+55
j  org.gradle.execution.DefaultBuildExecuter.execute(Lorg/gradle/api/internal/GradleInternal;I)V+37
j  org.gradle.execution.DefaultBuildExecuter.access$000(Lorg/gradle/execution/DefaultBuildExecuter;Lorg/gradle/api/internal/GradleInternal;I)V+3
j  org.gradle.execution.DefaultBuildExecuter$1.proceed()V+14
j  org.gradle.execution.DryRunBuildExecutionAction.execute(Lorg/gradle/execution/BuildExecutionContext;)V+68
j  org.gradle.execution.DefaultBuildExecuter.execute(Lorg/gradle/api/internal/GradleInternal;I)V+37
j  org.gradle.execution.DefaultBuildExecuter.execute(Lorg/gradle/api/internal/GradleInternal;)V+3
j  org.gradle.initialization.DefaultGradleLauncher$4.run()V+14
j  org.gradle.internal.Factories$1.create()Ljava/lang/Object;+4
j  org.gradle.internal.progress.DefaultBuildOperationExecutor.run(Lorg/gradle/internal/progress/BuildOperationDetails;Lorg/gradle/internal/Factory;)Ljava/lang/Object;+171
j  org.gradle.internal.progress.DefaultBuildOperationExecutor.run(Ljava/lang/String;Ljava/lang/Runnable;)V+12
j  org.gradle.initialization.DefaultGradleLauncher.doBuildStages(Lorg/gradle/initialization/DefaultGradleLauncher$Stage;)V+85
j  org.gradle.initialization.DefaultGradleLauncher.access$200(Lorg/gradle/initialization/DefaultGradleLauncher;Lorg/gradle/initialization/DefaultGradleLauncher$Stage;)V+2
j  org.gradle.initialization.DefaultGradleLauncher$1.create()Lorg/gradle/BuildResult;+29
j  org.gradle.initialization.DefaultGradleLauncher$1.create()Ljava/lang/Object;+1
j  org.gradle.internal.progress.DefaultBuildOperationExecutor.run(Lorg/gradle/internal/progress/BuildOperationDetails;Lorg/gradle/internal/Factory;)Ljava/lang/Object;+171
j  org.gradle.internal.progress.DefaultBuildOperationExecutor.run(Ljava/lang/String;Lorg/gradle/internal/Factory;)Ljava/lang/Object;+9
j  org.gradle.initialization.DefaultGradleLauncher.doBuild(Lorg/gradle/initialization/DefaultGradleLauncher$Stage;)Lorg/gradle/BuildResult;+25
j  org.gradle.initialization.DefaultGradleLauncher.run()Lorg/gradle/BuildResult;+4
j  org.gradle.launcher.exec.InProcessBuildActionExecuter$DefaultBuildController.run()Lorg/gradle/api/internal/GradleInternal;+4
j  org.gradle.tooling.internal.provider.runner.BuildModelActionRunner.run(Lorg/gradle/internal/invocation/BuildAction;Lorg/gradle/internal/invocation/BuildController;)V+29
j  org.gradle.launcher.exec.ChainingBuildActionRunner.run(Lorg/gradle/internal/invocation/BuildAction;Lorg/gradle/internal/invocation/BuildController;)V+34
j  org.gradle.tooling.internal.provider.runner.SubscribableBuildActionRunner.run(Lorg/gradle/internal/invocation/BuildAction;Lorg/gradle/internal/invocation/BuildController;)V+37
j  org.gradle.launcher.exec.ChainingBuildActionRunner.run(Lorg/gradle/internal/invocation/BuildAction;Lorg/gradle/internal/invocation/BuildController;)V+34
j  org.gradle.launcher.exec.InProcessBuildActionExecuter.execute(Lorg/gradle/internal/invocation/BuildAction;Lorg/gradle/initialization/BuildRequestContext;Lorg/gradle/launcher/exec/BuildActionParameters;Lorg/gradle/internal/service/ServiceRegistry;)Ljava/lang/Object;+63
j  org.gradle.launcher.exec.InProcessBuildActionExecuter.execute(Lorg/gradle/internal/invocation/BuildAction;Lorg/gradle/initialization/BuildRequestContext;Ljava/lang/Object;Lorg/gradle/internal/service/ServiceRegistry;)Ljava/lang/Object;+9
j  org.gradle.launcher.exec.ContinuousBuildActionExecuter.execute(Lorg/gradle/internal/invocation/BuildAction;Lorg/gradle/initialization/BuildRequestContext;Lorg/gradle/launcher/exec/BuildActionParameters;Lorg/gradle/internal/service/ServiceRegistry;)Ljava/lang/Object;+70
j  org.gradle.launcher.exec.ContinuousBuildActionExecuter.execute(Lorg/gradle/internal/invocation/BuildAction;Lorg/gradle/initialization/BuildRequestContext;Ljava/lang/Object;Lorg/gradle/internal/service/ServiceRegistry;)Ljava/lang/Object;+9
j  org.gradle.launcher.daemon.server.exec.ExecuteBuild.doBuild(Lorg/gradle/launcher/daemon/server/api/DaemonCommandExecution;Lorg/gradle/launcher/daemon/protocol/Build;)V+74
j  org.gradle.launcher.daemon.server.exec.BuildCommandOnly.execute(Lorg/gradle/launcher/daemon/server/api/DaemonCommandExecution;)V+49
j  org.gradle.launcher.daemon.server.api.DaemonCommandExecution.proceed()Z+28
j  org.gradle.launcher.daemon.server.exec.WatchForDisconnection.execute(Lorg/gradle/launcher/daemon/server/api/DaemonCommandExecution;)V+19
j  org.gradle.launcher.daemon.server.api.DaemonCommandExecution.proceed()Z+28
j  org.gradle.launcher.daemon.server.exec.ResetDeprecationLogger.execute(Lorg/gradle/launcher/daemon/server/api/DaemonCommandExecution;)V+4
j  org.gradle.launcher.daemon.server.api.DaemonCommandExecution.proceed()Z+28
j  org.gradle.launcher.daemon.server.exec.RequestStopIfSingleUsedDaemon.execute(Lorg/gradle/launcher/daemon/server/api/DaemonCommandExecution;)V+31
j  org.gradle.launcher.daemon.server.api.DaemonCommandExecution.proceed()Z+28
j  org.gradle.launcher.daemon.server.exec.ForwardClientInput$2.call()Ljava/lang/Void;+4
j  org.gradle.launcher.daemon.server.exec.ForwardClientInput$2.call()Ljava/lang/Object;+1
j  org.gradle.util.Swapper.swap(Ljava/lang/Object;Ljava/util/concurrent/Callable;)Ljava/lang/Object;+21
j  org.gradle.launcher.daemon.server.exec.ForwardClientInput.execute(Lorg/gradle/launcher/daemon/server/api/DaemonCommandExecution;)V+63
j  org.gradle.launcher.daemon.server.api.DaemonCommandExecution.proceed()Z+28
j  org.gradle.launcher.daemon.server.health.DaemonHealthTracker.execute(Lorg/gradle/launcher/daemon/server/api/DaemonCommandExecution;)V+35
j  org.gradle.launcher.daemon.server.api.DaemonCommandExecution.proceed()Z+28
j  org.gradle.launcher.daemon.server.exec.LogToClient.doBuild(Lorg/gradle/launcher/daemon/server/api/DaemonCommandExecution;Lorg/gradle/launcher/daemon/protocol/Build;)V+97
j  org.gradle.launcher.daemon.server.exec.BuildCommandOnly.execute(Lorg/gradle/launcher/daemon/server/api/DaemonCommandExecution;)V+49
j  org.gradle.launcher.daemon.server.api.DaemonCommandExecution.proceed()Z+28
j  org.gradle.launcher.daemon.server.exec.EstablishBuildEnvironment.doBuild(Lorg/gradle/launcher/daemon/server/api/DaemonCommandExecution;Lorg/gradle/launcher/daemon/protocol/Build;)V+279
j  org.gradle.launcher.daemon.server.exec.BuildCommandOnly.execute(Lorg/gradle/launcher/daemon/server/api/DaemonCommandExecution;)V+49
j  org.gradle.launcher.daemon.server.api.DaemonCommandExecution.proceed()Z+28
j  org.gradle.launcher.daemon.server.health.HintGCAfterBuild.execute(Lorg/gradle/launcher/daemon/server/api/DaemonCommandExecution;)V+1
j  org.gradle.launcher.daemon.server.api.DaemonCommandExecution.proceed()Z+28
j  org.gradle.launcher.daemon.server.exec.StartBuildOrRespondWithBusy$1.run()V+44
j  org.gradle.launcher.daemon.server.DaemonStateCoordinator$1.run()V+4
j  org.gradle.internal.concurrent.ExecutorPolicy$CatchAndRecordFailures.onExecute(Ljava/lang/Runnable;)V+1
j  org.gradle.internal.concurrent.StoppableExecutorImpl$1.run()V+25
j  java.util.concurrent.ThreadPoolExecutor.runWorker(Ljava/util/concurrent/ThreadPoolExecutor$Worker;)V+95
j  java.util.concurrent.ThreadPoolExecutor$Worker.run()V+5
j  java.lang.Thread.run()V+11
v  ~StubRoutines::call_stub
V  [jvm.dll+0x1cf7f3]


---------------  P R O C E S S  ---------------

Java Threads: ( => current thread )
  0x000000000caea000 JavaThread "pool-3-thread-4" [_thread_blocked, id=1292, stack(0x000000001cd30000,0x000000001ce30000)]
  0x000000000cae1800 JavaThread "pool-3-thread-3" [_thread_blocked, id=4748, stack(0x000000001cc30000,0x000000001cd30000)]
  0x000000000cae8000 JavaThread "pool-3-thread-2" [_thread_blocked, id=3948, stack(0x000000001cb30000,0x000000001cc30000)]
  0x000000000cae8800 JavaThread "pool-3-thread-1" [_thread_blocked, id=5224, stack(0x000000001ca30000,0x000000001cb30000)]
=>0x000000000cae6800 JavaThread "Daemon worker Thread 3" [_thread_in_Java, id=6776, stack(0x000000001c830000,0x000000001c930000)]
  0x000000000cae5800 JavaThread "Cancel handler" [_thread_blocked, id=1652, stack(0x000000001c730000,0x000000001c830000)]
  0x000000000cae5000 JavaThread "Handler for socket connection from /127.0.0.1:50222 to /127.0.0.1:55781" [_thread_in_native, id=8988, stack(0x000000001c630000,0x000000001c730000)]
  0x000000000cae4000 JavaThread "Daemon Thread 3" [_thread_blocked, id=2228, stack(0x000000001c530000,0x000000001c630000)]
  0x000000000cae9800 JavaThread "pool-2-thread-3" [_thread_blocked, id=6352, stack(0x0000000014630000,0x0000000014730000)]
  0x000000000cae2800 JavaThread "pool-2-thread-2" [_thread_blocked, id=6464, stack(0x0000000014530000,0x0000000014630000)]
  0x000000000cae3000 JavaThread "pool-2-thread-4" [_thread_blocked, id=5560, stack(0x0000000014430000,0x0000000014530000)]
  0x000000000cae1000 JavaThread "pool-2-thread-1" [_thread_blocked, id=3580, stack(0x0000000014330000,0x0000000014430000)]
  0x000000000aeef000 JavaThread "File lock request listener" [_thread_in_native, id=7984, stack(0x000000000c760000,0x000000000c860000)]
  0x000000000ad58800 JavaThread "Incoming local TCP Connector on port 50222" [_thread_in_native, id=4564, stack(0x000000000c080000,0x000000000c180000)]
  0x00000000087fb800 JavaThread "Service Thread" daemon [_thread_blocked, id=2672, stack(0x0000000009f60000,0x000000000a060000)]
  0x00000000087e5000 JavaThread "C2 CompilerThread1" daemon [_thread_blocked, id=6244, stack(0x0000000009e60000,0x0000000009f60000)]
  0x00000000087e2800 JavaThread "C2 CompilerThread0" daemon [_thread_blocked, id=2404, stack(0x0000000009d60000,0x0000000009e60000)]
  0x00000000087e1000 JavaThread "Attach Listener" daemon [_thread_blocked, id=520, stack(0x0000000009c60000,0x0000000009d60000)]
  0x00000000087de000 JavaThread "Signal Dispatcher" daemon [_thread_blocked, id=4496, stack(0x0000000009b60000,0x0000000009c60000)]
  0x00000000087ae800 JavaThread "Finalizer" daemon [_thread_blocked, id=6716, stack(0x0000000009a60000,0x0000000009b60000)]
  0x00000000087a5800 JavaThread "Reference Handler" daemon [_thread_blocked, id=2520, stack(0x0000000009960000,0x0000000009a60000)]
  0x0000000002230800 JavaThread "main" [_thread_blocked, id=2136, stack(0x0000000002130000,0x0000000002230000)]

Other Threads:
  0x00000000087a1800 VMThread [stack: 0x0000000009860000,0x0000000009960000] [id=4944]
  0x0000000008805800 WatcherThread [stack: 0x000000000a060000,0x000000000a160000] [id=6468]

VM state:not at safepoint (normal execution)

VM Mutex/Monitor currently owned by a thread: None

Heap
 PSYoungGen      total 270336K, used 53773K [0x00000000eaa80000, 0x00000000fd900000, 0x0000000100000000)
  eden space 258560K, 16% used [0x00000000eaa80000,0x00000000ed3f2bf0,0x00000000fa700000)
  from space 11776K, 96% used [0x00000000fb280000,0x00000000fbd90a70,0x00000000fbe00000)
  to   space 25600K, 0% used [0x00000000fc000000,0x00000000fc000000,0x00000000fd900000)
 ParOldGen       total 86016K, used 51741K [0x00000000c0000000, 0x00000000c5400000, 0x00000000eaa80000)
  object space 86016K, 60% used [0x00000000c0000000,0x00000000c3287430,0x00000000c5400000)
 PSPermGen       total 121344K, used 61726K [0x00000000b0000000, 0x00000000b7680000, 0x00000000c0000000)
  object space 121344K, 50% used [0x00000000b0000000,0x00000000b3c47af0,0x00000000b7680000)

Card table byte_map: [0x00000000053f0000,0x0000000005680000] byte_map_base: 0x0000000004e70000

Polling page: 0x0000000001f40000

Code Cache  [0x0000000002330000, 0x0000000002a70000, 0x0000000005330000)
 total_blobs=2672 nmethods=1978 adapters=644 free_code_cache=41853Kb largest_free_block=42735744

Compilation events (10 events):
Event: 16328.984 Thread 0x00000000087e5000 nmethod 2172 0x0000000002a516d0 code [0x0000000002a51b80, 0x0000000002a53220]
Event: 16329.153 Thread 0x00000000087e2800 nmethod 2170 0x0000000002a5c6d0 code [0x0000000002a5cbc0, 0x0000000002a62a20]
Event: 16329.203 Thread 0x00000000087e5000 2173             org.objectweb.asm.ClassReader::a (662 bytes)
Event: 16329.253 Thread 0x00000000087e2800 2174             org.objectweb.asm.ByteVector::putInt (74 bytes)
Event: 16329.255 Thread 0x00000000087e2800 nmethod 2174 0x0000000002a3ed50 code [0x0000000002a3eea0, 0x0000000002a3f028]
Event: 16329.258 Thread 0x00000000087e2800 2175             org.objectweb.asm.Type::getSort (5 bytes)
Event: 16329.258 Thread 0x00000000087e2800 nmethod 2175 0x0000000002a3eb50 code [0x0000000002a3ec80, 0x0000000002a3ecd8]
Event: 16329.260 Thread 0x00000000087e2800 2176             com.android.build.gradle.internal.incremental.StringSwitch::visitClassifier (261 bytes)
Event: 16329.303 Thread 0x00000000087e5000 nmethod 2173 0x0000000002a68d90 code [0x0000000002a69140, 0x0000000002a6bc18]
Event: 16329.315 Thread 0x00000000087e2800 nmethod 2176 0x0000000002a593d0 code [0x0000000002a59740, 0x0000000002a5aba8]

GC Heap History (10 events):
Event: 185.321 GC heap before
{Heap before GC invocations=15 (full 1):
 PSYoungGen      total 304128K, used 304012K [0x00000000eaa80000, 0x00000000ffd00000, 0x0000000100000000)
  eden space 295424K, 100% used [0x00000000eaa80000,0x00000000fcb00000,0x00000000fcb00000)
  from space 8704K, 98% used [0x00000000fcb00000,0x00000000fd3631c8,0x00000000fd380000)
  to   space 25600K, 0% used [0x00000000fe400000,0x00000000fe400000,0x00000000ffd00000)
 ParOldGen       total 86016K, used 40447K [0x00000000c0000000, 0x00000000c5400000, 0x00000000eaa80000)
  object space 86016K, 47% used [0x00000000c0000000,0x00000000c277fda8,0x00000000c5400000)
 PSPermGen       total 100352K, used 55671K [0x00000000b0000000, 0x00000000b6200000, 0x00000000c0000000)
  object space 100352K, 55% used [0x00000000b0000000,0x00000000b365dd20,0x00000000b6200000)
Event: 185.357 GC heap after
Heap after GC invocations=15 (full 1):
 PSYoungGen      total 301568K, used 18546K [0x00000000eaa80000, 0x00000000ff680000, 0x0000000100000000)
  eden space 282624K, 0% used [0x00000000eaa80000,0x00000000eaa80000,0x00000000fbe80000)
  from space 18944K, 97% used [0x00000000fe400000,0x00000000ff61c800,0x00000000ff680000)
  to   space 27136K, 0% used [0x00000000fc180000,0x00000000fc180000,0x00000000fdc00000)
 ParOldGen       total 86016K, used 45066K [0x00000000c0000000, 0x00000000c5400000, 0x00000000eaa80000)
  object space 86016K, 52% used [0x00000000c0000000,0x00000000c2c02840,0x00000000c5400000)
 PSPermGen       total 100352K, used 55671K [0x00000000b0000000, 0x00000000b6200000, 0x00000000c0000000)
  object space 100352K, 55% used [0x00000000b0000000,0x00000000b365dd20,0x00000000b6200000)
}
Event: 228.044 GC heap before
{Heap before GC invocations=16 (full 1):
 PSYoungGen      total 301568K, used 301170K [0x00000000eaa80000, 0x00000000ff680000, 0x0000000100000000)
  eden space 282624K, 100% used [0x00000000eaa80000,0x00000000fbe80000,0x00000000fbe80000)
  from space 18944K, 97% used [0x00000000fe400000,0x00000000ff61c800,0x00000000ff680000)
  to   space 27136K, 0% used [0x00000000fc180000,0x00000000fc180000,0x00000000fdc00000)
 ParOldGen       total 86016K, used 45066K [0x00000000c0000000, 0x00000000c5400000, 0x00000000eaa80000)
  object space 86016K, 52% used [0x00000000c0000000,0x00000000c2c02840,0x00000000c5400000)
 PSPermGen       total 100352K, used 60706K [0x00000000b0000000, 0x00000000b6200000, 0x00000000c0000000)
  object space 100352K, 60% used [0x00000000b0000000,0x00000000b3b48a10,0x00000000b6200000)
Event: 228.186 GC heap after
Heap after GC invocations=16 (full 1):
 PSYoungGen      total 277504K, used 6699K [0x00000000eaa80000, 0x00000000fe680000, 0x0000000100000000)
  eden space 270336K, 0% used [0x00000000eaa80000,0x00000000eaa80000,0x00000000fb280000)
  from space 7168K, 93% used [0x00000000fc180000,0x00000000fc80af58,0x00000000fc880000)
  to   space 26624K, 0% used [0x00000000fcc80000,0x00000000fcc80000,0x00000000fe680000)
 ParOldGen       total 86016K, used 52599K [0x00000000c0000000, 0x00000000c5400000, 0x00000000eaa80000)
  object space 86016K, 61% used [0x00000000c0000000,0x00000000c335dc40,0x00000000c5400000)
 PSPermGen       total 100352K, used 60706K [0x00000000b0000000, 0x00000000b6200000, 0x00000000c0000000)
  object space 100352K, 60% used [0x00000000b0000000,0x00000000b3b48a10,0x00000000b6200000)
}
Event: 259.218 GC heap before
{Heap before GC invocations=17 (full 1):
 PSYoungGen      total 277504K, used 63793K [0x00000000eaa80000, 0x00000000fe680000, 0x0000000100000000)
  eden space 270336K, 21% used [0x00000000eaa80000,0x00000000ee2417c0,0x00000000fb280000)
  from space 7168K, 93% used [0x00000000fc180000,0x00000000fc80af58,0x00000000fc880000)
  to   space 26624K, 0% used [0x00000000fcc80000,0x00000000fcc80000,0x00000000fe680000)
 ParOldGen       total 86016K, used 52599K [0x00000000c0000000, 0x00000000c5400000, 0x00000000eaa80000)
  object space 86016K, 61% used [0x00000000c0000000,0x00000000c335dc40,0x00000000c5400000)
 PSPermGen       total 100352K, used 61486K [0x00000000b0000000, 0x00000000b6200000, 0x00000000c0000000)
  object space 100352K, 61% used [0x00000000b0000000,0x00000000b3c0b808,0x00000000b6200000)
Event: 259.225 GC heap after
Heap after GC invocations=17 (full 1):
 PSYoungGen      total 296960K, used 1024K [0x00000000eaa80000, 0x00000000fe680000, 0x0000000100000000)
  eden space 270336K, 0% used [0x00000000eaa80000,0x00000000eaa80000,0x00000000fb280000)
  from space 26624K, 3% used [0x00000000fcc80000,0x00000000fcd80000,0x00000000fe680000)
  to   space 26624K, 0% used [0x00000000fb280000,0x00000000fb280000,0x00000000fcc80000)
 ParOldGen       total 86016K, used 56052K [0x00000000c0000000, 0x00000000c5400000, 0x00000000eaa80000)
  object space 86016K, 65% used [0x00000000c0000000,0x00000000c36bd0a8,0x00000000c5400000)
 PSPermGen       total 100352K, used 61486K [0x00000000b0000000, 0x00000000b6200000, 0x00000000c0000000)
  object space 100352K, 61% used [0x00000000b0000000,0x00000000b3c0b808,0x00000000b6200000)
}
Event: 259.225 GC heap before
{Heap before GC invocations=18 (full 2):
 PSYoungGen      total 296960K, used 1024K [0x00000000eaa80000, 0x00000000fe680000, 0x0000000100000000)
  eden space 270336K, 0% used [0x00000000eaa80000,0x00000000eaa80000,0x00000000fb280000)
  from space 26624K, 3% used [0x00000000fcc80000,0x00000000fcd80000,0x00000000fe680000)
  to   space 26624K, 0% used [0x00000000fb280000,0x00000000fb280000,0x00000000fcc80000)
 ParOldGen       total 86016K, used 56052K [0x00000000c0000000, 0x00000000c5400000, 0x00000000eaa80000)
  object space 86016K, 65% used [0x00000000c0000000,0x00000000c36bd0a8,0x00000000c5400000)
 PSPermGen       total 100352K, used 61486K [0x00000000b0000000, 0x00000000b6200000, 0x00000000c0000000)
  object space 100352K, 61% used [0x00000000b0000000,0x00000000b3c0b808,0x00000000b6200000)
Event: 259.978 GC heap after
Heap after GC invocations=18 (full 2):
 PSYoungGen      total 296960K, used 0K [0x00000000eaa80000, 0x00000000fe680000, 0x0000000100000000)
  eden space 270336K, 0% used [0x00000000eaa80000,0x00000000eaa80000,0x00000000fb280000)
  from space 26624K, 0% used [0x00000000fcc80000,0x00000000fcc80000,0x00000000fe680000)
  to   space 26624K, 0% used [0x00000000fb280000,0x00000000fb280000,0x00000000fcc80000)
 ParOldGen       total 86016K, used 51741K [0x00000000c0000000, 0x00000000c5400000, 0x00000000eaa80000)
  object space 86016K, 60% used [0x00000000c0000000,0x00000000c3287430,0x00000000c5400000)
 PSPermGen       total 121344K, used 61349K [0x00000000b0000000, 0x00000000b7680000, 0x00000000c0000000)
  object space 121344K, 50% used [0x00000000b0000000,0x00000000b3be9708,0x00000000b7680000)
}
Event: 16319.888 GC heap before
{Heap before GC invocations=19 (full 2):
 PSYoungGen      total 296960K, used 270336K [0x00000000eaa80000, 0x00000000fe680000, 0x0000000100000000)
  eden space 270336K, 100% used [0x00000000eaa80000,0x00000000fb280000,0x00000000fb280000)
  from space 26624K, 0% used [0x00000000fcc80000,0x00000000fcc80000,0x00000000fe680000)
  to   space 26624K, 0% used [0x00000000fb280000,0x00000000fb280000,0x00000000fcc80000)
 ParOldGen       total 86016K, used 51741K [0x00000000c0000000, 0x00000000c5400000, 0x00000000eaa80000)
  object space 86016K, 60% used [0x00000000c0000000,0x00000000c3287430,0x00000000c5400000)
 PSPermGen       total 121344K, used 61614K [0x00000000b0000000, 0x00000000b7680000, 0x00000000c0000000)
  object space 121344K, 50% used [0x00000000b0000000,0x00000000b3c2b988,0x00000000b7680000)
Event: 16319.994 GC heap after
Heap after GC invocations=19 (full 2):
 PSYoungGen      total 270336K, used 11330K [0x00000000eaa80000, 0x00000000fd900000, 0x0000000100000000)
  eden space 258560K, 0% used [0x00000000eaa80000,0x00000000eaa80000,0x00000000fa700000)
  from space 11776K, 96% used [0x00000000fb280000,0x00000000fbd90a70,0x00000000fbe00000)
  to   space 25600K, 0% used [0x00000000fc000000,0x00000000fc000000,0x00000000fd900000)
 ParOldGen       total 86016K, used 51741K [0x00000000c0000000, 0x00000000c5400000, 0x00000000eaa80000)
  object space 86016K, 60% used [0x00000000c0000000,0x00000000c3287430,0x00000000c5400000)
 PSPermGen       total 121344K, used 61614K [0x00000000b0000000, 0x00000000b7680000, 0x00000000c0000000)
  object space 121344K, 50% used [0x00000000b0000000,0x00000000b3c2b988,0x00000000b7680000)
}

Deoptimization events (10 events):
Event: 16319.040 Thread 0x000000000cae6800 Uncommon trap: reason=predicate action=maybe_recompile pc=0x000000000296de50 method=java.util.ComparableTimSort.mergeLo(IIII)V @ 143
Event: 16319.040 Thread 0x000000000cae6800 Uncommon trap: reason=predicate action=maybe_recompile pc=0x000000000295ce80 method=java.util.ComparableTimSort.mergeHi(IIII)V @ 174
Event: 16319.996 Thread 0x000000000cae6800 Uncommon trap: reason=null_check action=make_not_entrant pc=0x00000000028b939c method=com.sun.tools.javac.util.UnsharedNameTable.fromUtf([BII)Lcom/sun/tools/javac/util/Name; @ 50
Event: 16320.150 Thread 0x000000000cae6800 Uncommon trap: reason=predicate action=maybe_recompile pc=0x000000000285cfd8 method=com.sun.tools.javac.tree.TreeScanner.scan(Lcom/sun/tools/javac/util/List;)V @ 13
Event: 16320.263 Thread 0x000000000cae6800 Uncommon trap: reason=unreached action=reinterpret pc=0x000000000296f5cc method=com.sun.tools.javac.code.Symbol$ClassSymbol.members()Lcom/sun/tools/javac/code/Scope; @ 4
Event: 16320.377 Thread 0x000000000cae6800 Uncommon trap: reason=null_check action=make_not_entrant pc=0x0000000002940e60 method=com.sun.tools.javac.util.UnsharedNameTable.fromUtf([BII)Lcom/sun/tools/javac/util/Name; @ 50
Event: 16320.389 Thread 0x000000000cae6800 Uncommon trap: reason=unreached action=reinterpret pc=0x00000000028f59a4 method=com.sun.tools.javac.code.Symbol$ClassSymbol.flags()J @ 4
Event: 16322.037 Thread 0x000000000cae6800 Uncommon trap: reason=class_check action=maybe_recompile pc=0x0000000002972768 method=com.sun.tools.javac.code.Types$19.visitClassType(Lcom/sun/tools/javac/code/Type$ClassType;Ljava/lang/Void;)Lcom/sun/tools/javac/code/Type; @ 19
Event: 16325.181 Thread 0x000000000cae6800 Uncommon trap: reason=class_check action=maybe_recompile pc=0x00000000027cd1f0 method=com.sun.org.apache.xerces.internal.impl.dtd.XMLDTDValidator.handleStartElement(Lcom/sun/org/apache/xerces/internal/xni/QName;Lcom/sun/org/apache/xerces/internal/xni/XMLAt£	¸<—âÏ@
Event: 16325.182 Thread 0x000000000cae6800 Uncommon trap: reason=bimorphic action=maybe_recompile pc=0x00000000028da264 method=com.sun.org.apache.xerces.internal.dom.ElementImpl.getAttributes()Lorg/w3c/dom/NamedNodeMap; @ 8

Internal exceptions (10 events):
Event: 16241.471 Thread 0x000000000cae6800 Threw 0x00000000ebd5e4a0 at C:\re\jdk7u79\2331\hotspot\src\share\vm\prims\jvm.cpp:1304
Event: 16241.471 Thread 0x000000000cae6800 Threw 0x00000000ebd5f230 at C:\re\jdk7u79\2331\hotspot\src\share\vm\prims\jvm.cpp:1304
Event: 16241.471 Thread 0x000000000cae6800 Threw 0x00000000ebd67678 at C:\re\jdk7u79\2331\hotspot\src\share\vm\prims\jvm.cpp:1304
Event: 16241.473 Thread 0x000000000cae6800 Threw 0x00000000ebd6bca8 at C:\re\jdk7u79\2331\hotspot\src\share\vm\prims\jvm.cpp:1304
Event: 16241.474 Thread 0x000000000cae6800 Threw 0x00000000ebd703f0 at C:\re\jdk7u79\2331\hotspot\src\share\vm\prims\jvm.cpp:1304
Event: 16241.475 Thread 0x000000000cae6800 Threw 0x00000000ebd71438 at C:\re\jdk7u79\2331\hotspot\src\share\vm\prims\jvm.cpp:1304
Event: 16241.475 Thread 0x000000000cae6800 Threw 0x00000000ebd7a7e0 at C:\re\jdk7u79\2331\hotspot\src\share\vm\prims\jvm.cpp:1304
Event: 16296.841 Thread 0x000000000caf0000 Threw 0x00000000f494a688 at C:\re\jdk7u79\2331\hotspot\src\share\vm\prims\jvm.cpp:1304
Event: 16319.996 Thread 0x000000000cae6800 Implicit null exception at 0x00000000028b8bcf to 0x00000000028b9359
Event: 16320.377 Thread 0x000000000cae6800 Implicit null exception at 0x00000000029404e8 to 0x0000000002940e39

Events (10 events):
Event: 16322.037 Thread 0x000000000cae6800 DEOPT PACKING pc=0x0000000002972768 sp=0x000000001c927fc0
Event: 16322.037 Thread 0x000000000cae6800 DEOPT UNPACKING pc=0x00000000023675a4 sp=0x000000001c927f68 mode 2
Event: 16322.437 Thread 0x00000000087e2800 flushing nmethod 0x00000000028d47d0
Event: 16322.528 Thread 0x00000000087e5000 flushing nmethod 0x000000000290ef50
Event: 16325.181 Thread 0x000000000cae6800 Uncommon trap: trap_request=0xffffffde fr.pc=0x00000000027cd1f0
Event: 16325.181 Thread 0x000000000cae6800 DEOPT PACKING pc=0x00000000027cd1f0 sp=0x000000001c92c110
Event: 16325.181 Thread 0x000000000cae6800 DEOPT UNPACKING pc=0x00000000023675a4 sp=0x000000001c92c0f0 mode 2
Event: 16325.182 Thread 0x000000000cae6800 Uncommon trap: trap_request=0xffffffc6 fr.pc=0x00000000028da264
Event: 16325.182 Thread 0x000000000cae6800 DEOPT PACKING pc=0x00000000028da264 sp=0x000000001c92c510
Event: 16325.182 Thread 0x000000000cae6800 DEOPT UNPACKING pc=0x00000000023675a4 sp=0x000000001c92c4d8 mode 2


Dynamic libraries:
0x00007ff799be0000 - 0x00007ff799c13000 	C:\Program Files\Java\jdk1.7.0_79\bin\java.exe
0x00007ffd15700000 - 0x00007ffd158c1000 	C:\WINDOWS\SYSTEM32\ntdll.dll
0x00007ffd136a0000 - 0x00007ffd1374d000 	C:\WINDOWS\system32\KERNEL32.DLL
0x00007ffd12840000 - 0x00007ffd12a28000 	C:\WINDOWS\system32\KERNELBASE.dll
0x00007ffd14f80000 - 0x00007ffd15027000 	C:\WINDOWS\system32\ADVAPI32.dll
0x00007ffd14e90000 - 0x00007ffd14f2d000 	C:\WINDOWS\system32\msvcrt.dll
0x00007ffd13750000 - 0x00007ffd137ab000 	C:\WINDOWS\system32\sechost.dll
0x00007ffd14d70000 - 0x00007ffd14e8c000 	C:\WINDOWS\system32\RPCRT4.dll
0x00007ffd130f0000 - 0x00007ffd13246000 	C:\WINDOWS\system32\USER32.dll
0x00007ffd150c0000 - 0x00007ffd15246000 	C:\WINDOWS\system32\GDI32.dll
0x00007ffd0dba0000 - 0x00007ffd0de14000 	C:\WINDOWS\WinSxS\amd64_microsoft.windows.common-controls_6595b64144ccf1df_6.0.10586.0_none_8c15ae12515e1c22\COMCTL32.dll
0x00007ffd13420000 - 0x00007ffd1369d000 	C:\WINDOWS\system32\combase.dll
0x00007ffd11fb0000 - 0x00007ffd1201a000 	C:\WINDOWS\system32\bcryptPrimitives.dll
0x00007ffd14f30000 - 0x00007ffd14f6b000 	C:\WINDOWS\system32\IMM32.DLL
0x0000000057ab0000 - 0x0000000057b82000 	C:\Program Files\Java\jdk1.7.0_79\jre\bin\msvcr100.dll
0x00000000572d0000 - 0x0000000057aa5000 	C:\Program Files\Java\jdk1.7.0_79\jre\bin\server\jvm.dll
0x00007ffd13250000 - 0x00007ffd13258000 	C:\WINDOWS\system32\PSAPI.DLL
0x00007ffd0fa40000 - 0x00007ffd0fa49000 	C:\WINDOWS\SYSTEM32\WSOCK32.dll
0x00007ffd0fa10000 - 0x00007ffd0fa33000 	C:\WINDOWS\SYSTEM32\WINMM.dll
0x00007ffd15430000 - 0x00007ffd1549b000 	C:\WINDOWS\system32\WS2_32.dll
0x00007ffd0f9e0000 - 0x00007ffd0fa0c000 	C:\WINDOWS\SYSTEM32\WINMMBASE.dll
0x00007ffd12ab0000 - 0x00007ffd12af3000 	C:\WINDOWS\system32\cfgmgr32.dll
0x0000000058af0000 - 0x0000000058aff000 	C:\Program Files\Java\jdk1.7.0_79\jre\bin\verify.dll
0x00000000572a0000 - 0x00000000572c8000 	C:\Program Files\Java\jdk1.7.0_79\jre\bin\java.dll
0x0000000057280000 - 0x0000000057295000 	C:\Program Files\Java\jdk1.7.0_79\jre\bin\zip.dll
0x0000000057260000 - 0x000000005727a000 	C:\Program Files\Java\jdk1.7.0_79\jre\bin\net.dll
0x00007ffd115f0000 - 0x00007ffd1164c000 	C:\WINDOWS\system32\mswsock.dll
0x0000000057240000 - 0x0000000057251000 	C:\Program Files\Java\jdk1.7.0_79\jre\bin\nio.dll
0x00007ffd01670000 - 0x00007ffd01682000 	C:\Users\User\.gradle\native\19\windows-amd64\native-platform.dll
0x00007ffd14d10000 - 0x00007ffd14d62000 	C:\WINDOWS\system32\SHLWAPI.dll
0x00007ffd08240000 - 0x00007ffd08278000 	C:\WINDOWS\SYSTEM32\IPHLPAPI.DLL
0x00007ffd15090000 - 0x00007ffd15098000 	C:\WINDOWS\system32\NSI.dll
0x00007ffd08220000 - 0x00007ffd08236000 	C:\WINDOWS\SYSTEM32\dhcpcsvc6.DLL
0x00007ffd08200000 - 0x00007ffd0821a000 	C:\WINDOWS\SYSTEM32\dhcpcsvc.DLL
0x00007ffd116a0000 - 0x00007ffd116b7000 	C:\WINDOWS\SYSTEM32\CRYPTSP.dll
0x00007ffd11330000 - 0x00007ffd11364000 	C:\WINDOWS\system32\rsaenh.dll
0x00007ffd11c50000 - 0x00007ffd11c79000 	C:\WINDOWS\SYSTEM32\bcrypt.dll
0x00007ffd11480000 - 0x00007ffd1149f000 	C:\WINDOWS\SYSTEM32\USERENV.dll
0x00007ffd11d20000 - 0x00007ffd11d34000 	C:\WINDOWS\system32\profapi.dll
0x00007ffd117c0000 - 0x00007ffd117cb000 	C:\WINDOWS\SYSTEM32\CRYPTBASE.dll
0x0000000058ae0000 - 0x0000000058aeb000 	C:\Program Files\Java\jdk1.7.0_79\jre\bin\management.dll
0x0000000057210000 - 0x0000000057234000 	C:\Program Files\Java\jdk1.7.0_79\jre\bin\sunec.dll
0x0000000057200000 - 0x000000005720b000 	C:\Program Files\Java\jdk1.7.0_79\jre\bin\sunmscapi.dll
0x00007ffd12670000 - 0x00007ffd12838000 	C:\WINDOWS\system32\CRYPT32.dll
0x00007ffd11d40000 - 0x00007ffd11d50000 	C:\WINDOWS\system32\MSASN1.dll
0x00007ffd10790000 - 0x00007ffd1083a000 	C:\WINDOWS\SYSTEM32\DNSAPI.dll
0x00007ffd03500000 - 0x00007ffd0350a000 	C:\Windows\System32\rasadhlp.dll
0x00007ffd08290000 - 0x00007ffd082f7000 	C:\WINDOWS\System32\fwpuclnt.dll
0x00007ffd02510000 - 0x00007ffd02526000 	C:\WINDOWS\system32\napinsp.dll
0x00007ffd032d0000 - 0x00007ffd032ea000 	C:\WINDOWS\system32\pnrpnsp.dll
0x00007ffd0e650000 - 0x00007ffd0e668000 	C:\WINDOWS\system32\NLAapi.dll
0x00007ffd03340000 - 0x00007ffd0334d000 	C:\WINDOWS\System32\winrnr.dll
0x00007ffd0ea90000 - 0x00007ffd0ec1c000 	C:\WINDOWS\SYSTEM32\dbghelp.dll

VM Arguments:
jvm_args: -XX:MaxPermSize=256m -XX:+HeapDumpOnOutOfMemoryError -Xmx1024m -Dfile.encoding=windows-1252 -Duser.country=AU -Duser.language=en -Duser.variant 
java_command: org.gradle.launcher.daemon.bootstrap.GradleDaemon 2.10
Launcher Type: SUN_STANDARD

Environment Variables:
PATH=C:\ProgramData\Oracle\Java\javapath;C:\WINDOWS\system32;C:\WINDOWS;C:\WINDOWS\System32\Wbem;C:\WINDOWS\System32\WindowsPowerShell\v1.0\;C:\Program Files (x86)\NVIDIA Corporation\PhysX\Common;C:\WINDOWS\system32;C:\WINDOWS;C:\WINDOWS\System32\Wbem;C:\WINDOWS\System32\WindowsPowerShell\v1.0\;C:\Program Files (x86)\Skype\Phone\
USERNAME=User
OS=Windows_NT
PROCESSOR_IDENTIFIER=Intel64 Family 6 Model 69 Stepping 1, GenuineIntel



---------------  S Y S T E M  ---------------

OS: Windows 8.1 , 64 bit Build 9600 

CPU:total 4 (2 cores per cpu, 2 threads per core) family 6 model 69 stepping 1, cmov, cx8, fxsr, mmx, sse, sse2, sse3, ssse3, sse4.1, sse4.2, popcnt, avx, avx2, aes, erms, ht, tsc, tscinvbit

Memory: 4k page, physical 8269240k(3002704k free), swap 12463544k(5678320k free)

vm_info: Java HotSpot(TM) 64-Bit Server VM (24.79-b02) for windows-amd64 JRE (1.7.0_79-b15), built on Apr 10 2015 12:36:16 by "java_re" with unknown MS VC++:1600

time: Thu May 12 16:18:28 2016
elapsed time: 16329 seconds

